2022-2022-07 04:54 [INFO][restartedMain][c.b.e.EmployeePayrollAppApplication:55] Starting EmployeePayrollAppApplication using Java 18.0.1 on Rust-Eze with PID 21396 (D:\CFP\EmployeePayrollApp\target\classes started by root in D:\CFP\EmployeePayrollApp)
2022-2022-07 04:54 [INFO][restartedMain][c.b.e.EmployeePayrollAppApplication:640] The following 1 profile is active: "dev"
2022-2022-07 04:54 [INFO][restartedMain][o.s.b.d.e.DevToolsPropertyDefaultsPostProcessor:255] Devtools property defaults active! Set 'spring.devtools.add-properties' to 'false' to disable
2022-2022-07 04:54 [INFO][restartedMain][o.s.b.d.e.DevToolsPropertyDefaultsPostProcessor:255] For additional web related logging consider setting the 'logging.level.web' property to 'DEBUG'
2022-2022-07 04:54 [INFO][restartedMain][o.s.d.r.c.RepositoryConfigurationDelegate:132] Bootstrapping Spring Data JPA repositories in DEFAULT mode.
2022-2022-07 04:54 [INFO][restartedMain][o.s.d.r.c.RepositoryConfigurationDelegate:201] Finished Spring Data repository scanning in 64 ms. Found 1 JPA repository interfaces.
2022-2022-07 04:54 [INFO][restartedMain][o.s.b.w.e.t.TomcatWebServer:108] Tomcat initialized with port(s): 8082 (http)
2022-2022-07 04:54 [INFO][restartedMain][o.a.c.c.StandardService:173] Starting service [Tomcat]
2022-2022-07 04:54 [INFO][restartedMain][o.a.c.c.StandardEngine:173] Starting Servlet engine: [Apache Tomcat/9.0.64]
2022-2022-07 04:54 [INFO][restartedMain][o.a.c.c.C.[.[.[/]:173] Initializing Spring embedded WebApplicationContext
2022-2022-07 04:54 [INFO][restartedMain][o.s.b.w.s.c.ServletWebServerApplicationContext:292] Root WebApplicationContext: initialization completed in 1816 ms
2022-2022-07 04:54 [INFO][restartedMain][o.h.j.i.u.LogHelper:31] HHH000204: Processing PersistenceUnitInfo [name: default]
2022-2022-07 04:54 [INFO][restartedMain][o.h.Version:44] HHH000412: Hibernate ORM core version 5.6.9.Final
2022-2022-07 04:54 [INFO][restartedMain][o.h.a.c.Version:56] HCANN000001: Hibernate Commons Annotations {5.1.2.Final}
2022-2022-07 04:54 [INFO][restartedMain][c.z.h.HikariDataSource:110] HikariPool-1 - Starting...
2022-2022-07 04:54 [WARN][restartedMain][c.z.h.u.DriverDataSource:70] Registered driver with driverClassName=com.mysql.jdbc.Driver was not found, trying direct instantiation.
2022-2022-07 04:54 [INFO][restartedMain][c.z.h.HikariDataSource:123] HikariPool-1 - Start completed.
2022-2022-07 04:54 [INFO][restartedMain][o.h.d.Dialect:175] HHH000400: Using dialect: org.hibernate.dialect.MySQL8Dialect
2022-2022-07 04:54 [INFO][restartedMain][o.h.e.t.j.p.i.JtaPlatformInitiator:52] HHH000490: Using JtaPlatform implementation: [org.hibernate.engine.transaction.jta.platform.internal.NoJtaPlatform]
2022-2022-07 04:54 [INFO][restartedMain][o.s.o.j.LocalContainerEntityManagerFactoryBean:437] Initialized JPA EntityManagerFactory for persistence unit 'default'
2022-2022-07 04:54 [WARN][restartedMain][o.s.b.a.o.j.JpaBaseConfiguration$JpaWebConfiguration:219] spring.jpa.open-in-view is enabled by default. Therefore, database queries may be performed during view rendering. Explicitly configure spring.jpa.open-in-view to disable this warning
2022-2022-07 04:54 [INFO][restartedMain][o.s.b.d.a.OptionalLiveReloadServer:58] LiveReload server is running on port 35729
2022-2022-07 04:54 [INFO][restartedMain][o.s.b.w.e.t.TomcatWebServer:220] Tomcat started on port(s): 8082 (http) with context path ''
2022-2022-07 04:54 [INFO][restartedMain][c.b.e.EmployeePayrollAppApplication:61] Started EmployeePayrollAppApplication in 4.938 seconds (JVM running for 6.212)
2022-2022-07 04:55 [INFO][http-nio-8082-exec-1][o.a.c.c.C.[.[.[/]:173] Initializing Spring DispatcherServlet 'dispatcherServlet'
2022-2022-07 04:55 [INFO][http-nio-8082-exec-1][o.s.w.s.DispatcherServlet:525] Initializing Servlet 'dispatcherServlet'
2022-2022-07 04:55 [INFO][http-nio-8082-exec-1][o.s.w.s.DispatcherServlet:547] Completed initialization in 2 ms
2022-2022-07 04:56 [WARN][http-nio-8082-exec-6][o.s.w.s.m.s.DefaultHandlerExceptionResolver:208] Resolved [org.springframework.web.bind.MethodArgumentNotValidException: Validation failed for argument [0] in public org.springframework.http.ResponseEntity<com.bridgelabz.employeepayrollapp.dto.ResponseDTO> com.bridgelabz.employeepayrollapp.controller.EmpPayrollController.createEmployeePayrollData(com.bridgelabz.employeepayrollapp.dto.EmployeeDTO): [Field error in object 'employeeDTO' on field 'name': rejected value [rajat]; codes [Pattern.employeeDTO.name,Pattern.name,Pattern.java.lang.String,Pattern]; arguments [org.springframework.context.support.DefaultMessageSourceResolvable: codes [employeeDTO.name,name]; arguments []; default message [name],[Ljavax.validation.constraints.Pattern$Flag;@2a847bc0,^[A-Z]{1}[a-zA-z\s]{2,}$]; default message [Employee Name is Incorrect]] ]
2022-2022-07 04:57 [WARN][http-nio-8082-exec-8][o.s.w.s.m.s.DefaultHandlerExceptionResolver:208] Resolved [org.springframework.web.bind.MethodArgumentNotValidException: Validation failed for argument [0] in public org.springframework.http.ResponseEntity<com.bridgelabz.employeepayrollapp.dto.ResponseDTO> com.bridgelabz.employeepayrollapp.controller.EmpPayrollController.createEmployeePayrollData(com.bridgelabz.employeepayrollapp.dto.EmployeeDTO) with 4 errors: [Field error in object 'employeeDTO' on field 'gender': rejected value []; codes [NotEmpty.employeeDTO.gender,NotEmpty.gender,NotEmpty.java.lang.String,NotEmpty]; arguments [org.springframework.context.support.DefaultMessageSourceResolvable: codes [employeeDTO.gender,gender]; arguments []; default message [gender]]; default message [Gender Cannot be empty]] [Field error in object 'employeeDTO' on field 'department': rejected value []; codes [NotEmpty.employeeDTO.department,NotEmpty.department,NotEmpty.java.lang.String,NotEmpty]; arguments [org.springframework.context.support.DefaultMessageSourceResolvable: codes [employeeDTO.department,department]; arguments []; default message [department]]; default message [Department Cannot be empty]] [Field error in object 'employeeDTO' on field 'name': rejected value [rajat]; codes [Pattern.employeeDTO.name,Pattern.name,Pattern.java.lang.String,Pattern]; arguments [org.springframework.context.support.DefaultMessageSourceResolvable: codes [employeeDTO.name,name]; arguments []; default message [name],[Ljavax.validation.constraints.Pattern$Flag;@2a847bc0,^[A-Z]{1}[a-zA-z\s]{2,}$]; default message [Employee Name is Incorrect]] [Field error in object 'employeeDTO' on field 'salary': rejected value [490]; codes [Min.employeeDTO.salary,Min.salary,Min.long,Min]; arguments [org.springframework.context.support.DefaultMessageSourceResolvable: codes [employeeDTO.salary,salary]; arguments []; default message [salary],500]; default message [Salary Should be minimum 500]] ]
2022-2022-07 04:58 [INFO][SpringApplicationShutdownHook][o.s.o.j.LocalContainerEntityManagerFactoryBean:651] Closing JPA EntityManagerFactory for persistence unit 'default'
2022-2022-07 04:58 [INFO][SpringApplicationShutdownHook][c.z.h.HikariDataSource:350] HikariPool-1 - Shutdown initiated...
2022-2022-07 04:58 [INFO][SpringApplicationShutdownHook][c.z.h.HikariDataSource:352] HikariPool-1 - Shutdown completed.
2022-2022-07 05:09 [INFO][restartedMain][c.b.e.EmployeePayrollAppApplication:55] Starting EmployeePayrollAppApplication using Java 18.0.1 on Rust-Eze with PID 15560 (D:\CFP\EmployeePayrollApp\target\classes started by root in D:\CFP\EmployeePayrollApp)
2022-2022-07 05:09 [INFO][restartedMain][c.b.e.EmployeePayrollAppApplication:640] The following 1 profile is active: "dev"
2022-2022-07 05:09 [INFO][restartedMain][o.s.b.d.e.DevToolsPropertyDefaultsPostProcessor:255] Devtools property defaults active! Set 'spring.devtools.add-properties' to 'false' to disable
2022-2022-07 05:09 [INFO][restartedMain][o.s.b.d.e.DevToolsPropertyDefaultsPostProcessor:255] For additional web related logging consider setting the 'logging.level.web' property to 'DEBUG'
2022-2022-07 05:09 [INFO][restartedMain][o.s.d.r.c.RepositoryConfigurationDelegate:132] Bootstrapping Spring Data JPA repositories in DEFAULT mode.
2022-2022-07 05:09 [INFO][restartedMain][o.s.d.r.c.RepositoryConfigurationDelegate:201] Finished Spring Data repository scanning in 48 ms. Found 1 JPA repository interfaces.
2022-2022-07 05:09 [INFO][restartedMain][o.s.b.w.e.t.TomcatWebServer:108] Tomcat initialized with port(s): 8082 (http)
2022-2022-07 05:09 [INFO][restartedMain][o.a.c.c.StandardService:173] Starting service [Tomcat]
2022-2022-07 05:09 [INFO][restartedMain][o.a.c.c.StandardEngine:173] Starting Servlet engine: [Apache Tomcat/9.0.64]
2022-2022-07 05:09 [INFO][restartedMain][o.a.c.c.C.[.[.[/]:173] Initializing Spring embedded WebApplicationContext
2022-2022-07 05:09 [INFO][restartedMain][o.s.b.w.s.c.ServletWebServerApplicationContext:292] Root WebApplicationContext: initialization completed in 1272 ms
2022-2022-07 05:09 [INFO][restartedMain][o.h.j.i.u.LogHelper:31] HHH000204: Processing PersistenceUnitInfo [name: default]
2022-2022-07 05:09 [INFO][restartedMain][o.h.Version:44] HHH000412: Hibernate ORM core version 5.6.9.Final
2022-2022-07 05:09 [INFO][restartedMain][o.h.a.c.Version:56] HCANN000001: Hibernate Commons Annotations {5.1.2.Final}
2022-2022-07 05:09 [INFO][restartedMain][c.z.h.HikariDataSource:110] HikariPool-1 - Starting...
2022-2022-07 05:09 [WARN][restartedMain][c.z.h.u.DriverDataSource:70] Registered driver with driverClassName=com.mysql.jdbc.Driver was not found, trying direct instantiation.
2022-2022-07 05:09 [INFO][restartedMain][c.z.h.HikariDataSource:123] HikariPool-1 - Start completed.
2022-2022-07 05:09 [INFO][restartedMain][o.h.d.Dialect:175] HHH000400: Using dialect: org.hibernate.dialect.MySQL8Dialect
2022-2022-07 05:09 [INFO][restartedMain][o.h.e.t.j.p.i.JtaPlatformInitiator:52] HHH000490: Using JtaPlatform implementation: [org.hibernate.engine.transaction.jta.platform.internal.NoJtaPlatform]
2022-2022-07 05:09 [INFO][restartedMain][o.s.o.j.LocalContainerEntityManagerFactoryBean:437] Initialized JPA EntityManagerFactory for persistence unit 'default'
2022-2022-07 05:09 [WARN][restartedMain][o.s.b.a.o.j.JpaBaseConfiguration$JpaWebConfiguration:219] spring.jpa.open-in-view is enabled by default. Therefore, database queries may be performed during view rendering. Explicitly configure spring.jpa.open-in-view to disable this warning
2022-2022-07 05:09 [INFO][restartedMain][o.s.b.d.a.OptionalLiveReloadServer:58] LiveReload server is running on port 35729
2022-2022-07 05:09 [INFO][restartedMain][o.s.b.w.e.t.TomcatWebServer:220] Tomcat started on port(s): 8082 (http) with context path ''
2022-2022-07 05:09 [INFO][restartedMain][c.b.e.EmployeePayrollAppApplication:61] Started EmployeePayrollAppApplication in 3.82 seconds (JVM running for 4.579)
2022-2022-07 05:09 [INFO][http-nio-8082-exec-2][o.a.c.c.C.[.[.[/]:173] Initializing Spring DispatcherServlet 'dispatcherServlet'
2022-2022-07 05:09 [INFO][http-nio-8082-exec-2][o.s.w.s.DispatcherServlet:525] Initializing Servlet 'dispatcherServlet'
2022-2022-07 05:09 [INFO][http-nio-8082-exec-2][o.s.w.s.DispatcherServlet:547] Completed initialization in 6 ms
2022-2022-07 05:09 [WARN][http-nio-8082-exec-2][o.s.w.s.m.m.a.ExceptionHandlerExceptionResolver:208] Resolved [org.springframework.web.bind.MethodArgumentNotValidException: Validation failed for argument [0] in public org.springframework.http.ResponseEntity<com.bridgelabz.employeepayrollapp.dto.ResponseDTO> com.bridgelabz.employeepayrollapp.controller.EmpPayrollController.createEmployeePayrollData(com.bridgelabz.employeepayrollapp.dto.EmployeeDTO) with 4 errors: [Field error in object 'employeeDTO' on field 'salary': rejected value [490]; codes [Min.employeeDTO.salary,Min.salary,Min.long,Min]; arguments [org.springframework.context.support.DefaultMessageSourceResolvable: codes [employeeDTO.salary,salary]; arguments []; default message [salary],500]; default message [Salary Should be minimum 500]] [Field error in object 'employeeDTO' on field 'gender': rejected value []; codes [NotEmpty.employeeDTO.gender,NotEmpty.gender,NotEmpty.java.lang.String,NotEmpty]; arguments [org.springframework.context.support.DefaultMessageSourceResolvable: codes [employeeDTO.gender,gender]; arguments []; default message [gender]]; default message [Gender Cannot be empty]] [Field error in object 'employeeDTO' on field 'name': rejected value [rajat]; codes [Pattern.employeeDTO.name,Pattern.name,Pattern.java.lang.String,Pattern]; arguments [org.springframework.context.support.DefaultMessageSourceResolvable: codes [employeeDTO.name,name]; arguments []; default message [name],[Ljavax.validation.constraints.Pattern$Flag;@7f69e640,^[A-Z]{1}[a-zA-z\s]{2,}$]; default message [Employee Name is Incorrect]] [Field error in object 'employeeDTO' on field 'department': rejected value []; codes [NotEmpty.employeeDTO.department,NotEmpty.department,NotEmpty.java.lang.String,NotEmpty]; arguments [org.springframework.context.support.DefaultMessageSourceResolvable: codes [employeeDTO.department,department]; arguments []; default message [department]]; default message [Department Cannot be empty]] ]
2022-2022-07 05:09 [INFO][SpringApplicationShutdownHook][o.s.o.j.LocalContainerEntityManagerFactoryBean:651] Closing JPA EntityManagerFactory for persistence unit 'default'
2022-2022-07 05:09 [INFO][SpringApplicationShutdownHook][c.z.h.HikariDataSource:350] HikariPool-1 - Shutdown initiated...
2022-2022-07 05:09 [INFO][SpringApplicationShutdownHook][c.z.h.HikariDataSource:352] HikariPool-1 - Shutdown completed.
2022-2022-07 05:17 [INFO][restartedMain][c.b.e.EmployeePayrollAppApplication:55] Starting EmployeePayrollAppApplication using Java 18.0.1 on Rust-Eze with PID 17216 (D:\CFP\EmployeePayrollApp\target\classes started by root in D:\CFP\EmployeePayrollApp)
2022-2022-07 05:17 [INFO][restartedMain][c.b.e.EmployeePayrollAppApplication:640] The following 1 profile is active: "dev"
2022-2022-07 05:17 [INFO][restartedMain][o.s.b.d.e.DevToolsPropertyDefaultsPostProcessor:255] Devtools property defaults active! Set 'spring.devtools.add-properties' to 'false' to disable
2022-2022-07 05:17 [INFO][restartedMain][o.s.b.d.e.DevToolsPropertyDefaultsPostProcessor:255] For additional web related logging consider setting the 'logging.level.web' property to 'DEBUG'
2022-2022-07 05:17 [INFO][restartedMain][o.s.d.r.c.RepositoryConfigurationDelegate:132] Bootstrapping Spring Data JPA repositories in DEFAULT mode.
2022-2022-07 05:17 [INFO][restartedMain][o.s.d.r.c.RepositoryConfigurationDelegate:201] Finished Spring Data repository scanning in 44 ms. Found 1 JPA repository interfaces.
2022-2022-07 05:17 [INFO][restartedMain][o.s.b.w.e.t.TomcatWebServer:108] Tomcat initialized with port(s): 8082 (http)
2022-2022-07 05:17 [INFO][restartedMain][o.a.c.c.StandardService:173] Starting service [Tomcat]
2022-2022-07 05:17 [INFO][restartedMain][o.a.c.c.StandardEngine:173] Starting Servlet engine: [Apache Tomcat/9.0.64]
2022-2022-07 05:17 [INFO][restartedMain][o.a.c.c.C.[.[.[/]:173] Initializing Spring embedded WebApplicationContext
2022-2022-07 05:17 [INFO][restartedMain][o.s.b.w.s.c.ServletWebServerApplicationContext:292] Root WebApplicationContext: initialization completed in 1427 ms
2022-2022-07 05:17 [INFO][restartedMain][o.h.j.i.u.LogHelper:31] HHH000204: Processing PersistenceUnitInfo [name: default]
2022-2022-07 05:17 [INFO][restartedMain][o.h.Version:44] HHH000412: Hibernate ORM core version 5.6.9.Final
2022-2022-07 05:17 [INFO][restartedMain][o.h.a.c.Version:56] HCANN000001: Hibernate Commons Annotations {5.1.2.Final}
2022-2022-07 05:17 [INFO][restartedMain][c.z.h.HikariDataSource:110] HikariPool-1 - Starting...
2022-2022-07 05:17 [WARN][restartedMain][c.z.h.u.DriverDataSource:70] Registered driver with driverClassName=com.mysql.jdbc.Driver was not found, trying direct instantiation.
2022-2022-07 05:17 [INFO][restartedMain][c.z.h.HikariDataSource:123] HikariPool-1 - Start completed.
2022-2022-07 05:17 [INFO][restartedMain][o.h.d.Dialect:175] HHH000400: Using dialect: org.hibernate.dialect.MySQL8Dialect
2022-2022-07 05:17 [INFO][restartedMain][o.h.e.t.j.p.i.JtaPlatformInitiator:52] HHH000490: Using JtaPlatform implementation: [org.hibernate.engine.transaction.jta.platform.internal.NoJtaPlatform]
2022-2022-07 05:17 [INFO][restartedMain][o.s.o.j.LocalContainerEntityManagerFactoryBean:437] Initialized JPA EntityManagerFactory for persistence unit 'default'
2022-2022-07 05:17 [WARN][restartedMain][o.s.b.a.o.j.JpaBaseConfiguration$JpaWebConfiguration:219] spring.jpa.open-in-view is enabled by default. Therefore, database queries may be performed during view rendering. Explicitly configure spring.jpa.open-in-view to disable this warning
2022-2022-07 05:17 [INFO][restartedMain][o.s.b.d.a.OptionalLiveReloadServer:58] LiveReload server is running on port 35729
2022-2022-07 05:17 [INFO][restartedMain][o.s.b.w.e.t.TomcatWebServer:220] Tomcat started on port(s): 8082 (http) with context path ''
2022-2022-07 05:17 [INFO][restartedMain][c.b.e.EmployeePayrollAppApplication:61] Started EmployeePayrollAppApplication in 3.945 seconds (JVM running for 4.943)
2022-2022-07 05:17 [INFO][http-nio-8082-exec-1][o.a.c.c.C.[.[.[/]:173] Initializing Spring DispatcherServlet 'dispatcherServlet'
2022-2022-07 05:17 [INFO][http-nio-8082-exec-1][o.s.w.s.DispatcherServlet:525] Initializing Servlet 'dispatcherServlet'
2022-2022-07 05:17 [INFO][http-nio-8082-exec-1][o.s.w.s.DispatcherServlet:547] Completed initialization in 1 ms
2022-2022-07 05:17 [WARN][http-nio-8082-exec-1][o.s.w.s.m.m.a.ExceptionHandlerExceptionResolver:208] Resolved [org.springframework.web.bind.MethodArgumentNotValidException: Validation failed for argument [0] in public org.springframework.http.ResponseEntity<com.bridgelabz.employeepayrollapp.dto.ResponseDTO> com.bridgelabz.employeepayrollapp.controller.EmpPayrollController.createEmployeePayrollData(com.bridgelabz.employeepayrollapp.dto.EmployeeDTO) with 4 errors: [Field error in object 'employeeDTO' on field 'salary': rejected value [490]; codes [Min.employeeDTO.salary,Min.salary,Min.long,Min]; arguments [org.springframework.context.support.DefaultMessageSourceResolvable: codes [employeeDTO.salary,salary]; arguments []; default message [salary],500]; default message [Salary Should be minimum 500]] [Field error in object 'employeeDTO' on field 'department': rejected value []; codes [NotEmpty.employeeDTO.department,NotEmpty.department,NotEmpty.java.lang.String,NotEmpty]; arguments [org.springframework.context.support.DefaultMessageSourceResolvable: codes [employeeDTO.department,department]; arguments []; default message [department]]; default message [Department Cannot be empty]] [Field error in object 'employeeDTO' on field 'gender': rejected value []; codes [NotEmpty.employeeDTO.gender,NotEmpty.gender,NotEmpty.java.lang.String,NotEmpty]; arguments [org.springframework.context.support.DefaultMessageSourceResolvable: codes [employeeDTO.gender,gender]; arguments []; default message [gender]]; default message [Gender Cannot be empty]] [Field error in object 'employeeDTO' on field 'name': rejected value [rajat]; codes [Pattern.employeeDTO.name,Pattern.name,Pattern.java.lang.String,Pattern]; arguments [org.springframework.context.support.DefaultMessageSourceResolvable: codes [employeeDTO.name,name]; arguments []; default message [name],[Ljavax.validation.constraints.Pattern$Flag;@66842945,^[A-Z]{1}[a-zA-z\s]{2,}$]; default message [Employee Name is Incorrect]] ]
2022-2022-07 05:18 [WARN][http-nio-8082-exec-3][o.s.w.s.m.m.a.ExceptionHandlerExceptionResolver:208] Resolved [org.springframework.web.bind.MethodArgumentNotValidException: Validation failed for argument [0] in public org.springframework.http.ResponseEntity<com.bridgelabz.employeepayrollapp.dto.ResponseDTO> com.bridgelabz.employeepayrollapp.controller.EmpPayrollController.createEmployeePayrollData(com.bridgelabz.employeepayrollapp.dto.EmployeeDTO) with 4 errors: [Field error in object 'employeeDTO' on field 'salary': rejected value [60]; codes [Min.employeeDTO.salary,Min.salary,Min.long,Min]; arguments [org.springframework.context.support.DefaultMessageSourceResolvable: codes [employeeDTO.salary,salary]; arguments []; default message [salary],500]; default message [Salary Should be minimum 500]] [Field error in object 'employeeDTO' on field 'gender': rejected value []; codes [NotEmpty.employeeDTO.gender,NotEmpty.gender,NotEmpty.java.lang.String,NotEmpty]; arguments [org.springframework.context.support.DefaultMessageSourceResolvable: codes [employeeDTO.gender,gender]; arguments []; default message [gender]]; default message [Gender Cannot be empty]] [Field error in object 'employeeDTO' on field 'department': rejected value []; codes [NotEmpty.employeeDTO.department,NotEmpty.department,NotEmpty.java.lang.String,NotEmpty]; arguments [org.springframework.context.support.DefaultMessageSourceResolvable: codes [employeeDTO.department,department]; arguments []; default message [department]]; default message [Department Cannot be empty]] [Field error in object 'employeeDTO' on field 'name': rejected value [rajat]; codes [Pattern.employeeDTO.name,Pattern.name,Pattern.java.lang.String,Pattern]; arguments [org.springframework.context.support.DefaultMessageSourceResolvable: codes [employeeDTO.name,name]; arguments []; default message [name],[Ljavax.validation.constraints.Pattern$Flag;@66842945,^[A-Z]{1}[a-zA-z\s]{2,}$]; default message [Employee Name is Incorrect]] ]
2022-2022-07 05:19 [WARN][http-nio-8082-exec-6][o.s.w.s.m.m.a.ExceptionHandlerExceptionResolver:208] Resolved [com.bridgelabz.employeepayrollapp.exception.EmployeePayrollException: Employee Not Found]
2022-2022-07 05:20 [INFO][SpringApplicationShutdownHook][o.s.o.j.LocalContainerEntityManagerFactoryBean:651] Closing JPA EntityManagerFactory for persistence unit 'default'
2022-2022-07 05:20 [INFO][SpringApplicationShutdownHook][c.z.h.HikariDataSource:350] HikariPool-1 - Shutdown initiated...
2022-2022-07 05:20 [INFO][SpringApplicationShutdownHook][c.z.h.HikariDataSource:352] HikariPool-1 - Shutdown completed.
